  Lib_Canned.cpp
C:\Users\User\Desktop\mydev\Lib_Canned\Lib_Canned\Lib_Canned.cpp(34,11): warning C4244: '=': conversion from 'int' to 'float', possible loss of data
C:\Users\User\Desktop\mydev\Lib_Canned\Lib_Canned\Lib_Canned.cpp(43,25): warning C4838: conversion from 'int' to 'float' requires a narrowing conversion
C:\Users\User\Desktop\mydev\Lib_Canned\Lib_Canned\Lib_Canned.cpp(43,25): warning C4244: 'initializing': conversion from 'int' to 'float', possible loss of data
C:\Users\User\Desktop\mydev\Lib_Canned\Lib_Canned\Lib_Canned.cpp(50,46): warning C4244: 'argument': conversion from 'float' to 'int', possible loss of data
C:\Users\User\Desktop\mydev\Lib_Canned\Lib_Canned\Lib_Canned.cpp(63,31): warning C4244: 'initializing': conversion from 'int' to 'float', possible loss of data
C:\Users\User\Desktop\mydev\Lib_Canned\Lib_Canned\Lib_Canned.cpp(63,22): warning C4244: 'initializing': conversion from 'int' to 'const float', possible loss of data
C:\Users\User\Desktop\mydev\Lib_Canned\Lib_Canned\Lib_Canned.cpp(64,57): warning C4244: 'argument': conversion from 'float' to '_Tp', possible loss of data
          with
          [
              _Tp=int
          ]
C:\Users\User\Desktop\mydev\Lib_Canned\Lib_Canned\Lib_Canned.cpp(64,78): warning C4244: 'argument': conversion from 'const float' to '_Tp', possible loss of data
          with
          [
              _Tp=int
          ]
C:\Users\User\Desktop\mydev\Lib_Canned\Lib_Canned\Lib_Canned.cpp(81,31): warning C4244: 'initializing': conversion from 'int' to 'float', possible loss of data
C:\Users\User\Desktop\mydev\Lib_Canned\Lib_Canned\Lib_Canned.cpp(81,22): warning C4244: 'initializing': conversion from 'int' to 'const float', possible loss of data
C:\Users\User\Desktop\mydev\Lib_Canned\Lib_Canned\Lib_Canned.cpp(138,11): warning C4244: '=': conversion from 'int' to 'float', possible loss of data
C:\Users\User\Desktop\mydev\Lib_Canned\Lib_Canned\Lib_Canned.cpp(146,25): warning C4838: conversion from 'int' to 'float' requires a narrowing conversion
C:\Users\User\Desktop\mydev\Lib_Canned\Lib_Canned\Lib_Canned.cpp(146,25): warning C4244: 'initializing': conversion from 'int' to 'float', possible loss of data
C:\Users\User\Desktop\mydev\Lib_Canned\Lib_Canned\Lib_Canned.cpp(153,46): warning C4244: 'argument': conversion from 'float' to 'int', possible loss of data
C:\Users\User\Desktop\mydev\Lib_Canned\Lib_Canned\Lib_Canned.cpp(165,31): warning C4244: 'initializing': conversion from 'int' to 'float', possible loss of data
C:\Users\User\Desktop\mydev\Lib_Canned\Lib_Canned\Lib_Canned.cpp(165,22): warning C4244: 'initializing': conversion from 'int' to 'const float', possible loss of data
C:\Users\User\Desktop\mydev\Lib_Canned\Lib_Canned\Lib_Canned.cpp(224,19): warning C4244: '=': conversion from 'double' to 'int', possible loss of data
C:\Users\User\Desktop\mydev\Lib_Canned\Lib_Canned\Lib_Canned.cpp(225,29): warning C4267: '=': conversion from 'size_t' to 'int', possible loss of data
  Lib_Canned.vcxproj -> C:\Users\User\Desktop\mydev\Lib_Canned\x64\Debug\Lib_Canned.exe
